info it worked if it ends with ok
info using fhc@0.11.1-330
info using node@v0.10.11
silly config file /Users/bmackey/.fhcrc
silly config file /usr/local/etc/fhcrc
verbose feedhenry url https://psdev.feedhenry.com/
silly POST box/srv/1.1/app/envvariable/list
silly url, unparsed https://psdev.feedhenry.com/
verbose resolveUrl - IN box/srv/1.1/app/envvariable/list
verbose resolveUrl - OUT https://psdev.feedhenry.com/box/srv/1.1/app/envvariable/list
verbose calling url https://psdev.feedhenry.com/box/srv/1.1/app/envvariable/list payload: { appId: 'Zhn7eKkQ6ZhpQ5heVXsoQQ5P', env: 'dev' }
silly port 443
silly cookie feedhenry=gQ422hUH5f4NO4_fheLE836x;
silly nocache false
silly explain level 0
verbose getHeaders { accept: 'application/json',
verbose getHeaders   cookie: 'feedhenry=gQ422hUH5f4NO4_fheLE836x;',
verbose getHeaders   'User-Agent': 'FHC/0.11.1-330 darwin/12.5.0',
verbose getHeaders   'content-type': 'application/json',
verbose getHeaders   'content-length': 48 }
verbose what... { appId: 'Zhn7eKkQ6ZhpQ5heVXsoQQ5P', env: 'dev' }
silly writing json { appId: 'Zhn7eKkQ6ZhpQ5heVXsoQQ5P', env: 'dev' }
silly headers { accept: 'application/json',
silly headers   cookie: 'feedhenry=gQ422hUH5f4NO4_fheLE836x;',
silly headers   'User-Agent': 'FHC/0.11.1-330 darwin/12.5.0',
silly headers   'content-type': 'application/json',
silly headers   'content-length': 48 }
silly getProxy null
silly response headers { date: 'Sun, 12 Jan 2014 23:02:44 GMT',
silly response headers   expires: 'Sat, 6 May 1995 12:00:00 GMT',
silly response headers   'cache-control': 'no-store, no-cache, must-revalidate',
silly response headers   p3p: 'CP="ALL ADM DEV PSAi COM OUR OTRo STP IND ONL" policyref="/box/p3p.xml"',
silly response headers   pragma: 'no-cache',
silly response headers   'last-modified': 'Sun, 12 Jan 2014 23:02:44 GMT',
silly response headers   etag: '"Z1xEugn74r9i3POtdGUQUF"',
silly response headers   'content-type': 'application/json;charset=UTF-8',
silly response headers   'content-length': '35',
silly response headers   vary: 'Accept-Encoding',
silly response headers   connection: 'close' }
silly packages Packages list: ["default"]
ERR! Error: listen EADDRINUSE
ERR!     at errnoException (net.js:900:11)
ERR!     at Server._listen2 (net.js:1038:14)
ERR!     at listen (net.js:1060:10)
ERR!     at Server.listen (net.js:1126:5)
ERR!     at /usr/local/lib/node_modules/fh-fhc/lib/local.js:369:22
ERR!     at /usr/local/lib/node_modules/fh-fhc/node_modules/async/lib/async.js:542:21
ERR!     at /usr/local/lib/node_modules/fh-fhc/node_modules/async/lib/async.js:222:13
ERR!     at iterate (/usr/local/lib/node_modules/fh-fhc/node_modules/async/lib/async.js:123:13)
ERR!     at /usr/local/lib/node_modules/fh-fhc/node_modules/async/lib/async.js:138:29
ERR!     at /usr/local/lib/node_modules/fh-fhc/node_modules/async/lib/async.js:224:17
ERR! 
ERR! System Darwin 12.5.0
ERR! command "node" "/usr/local/bin/fhc" "local"
verbose exit [ 1, true ]
