0 info it worked if it ends with ok
1 verbose cli [ 'node', '/usr/local/bin/npm', 'install', '.' ]
2 info using npm@1.2.30
3 info using node@v0.10.11
4 verbose read json /Users/bmackey/package.json
5 verbose read json /Users/bmackey/node_modules/bower-installer/package.json
6 verbose read json /Users/bmackey/node_modules/fh-db/package.json
7 verbose read json /Users/bmackey/node_modules/fh-fhc/package.json
8 verbose read json /Users/bmackey/node_modules/fh-nodeapp/package.json
9 verbose read json /Users/bmackey/node_modules/grunt/package.json
10 verbose read json /Users/bmackey/node_modules/grunt-bower-install/package.json
11 warn package.json fh-fhc@0.11.1-330 No repository field.
12 verbose read json /Users/bmackey/package.json
13 verbose cache add [ '.', null ]
14 verbose cache add name=undefined spec="." args=[".",null]
15 verbose parsed url { protocol: null,
15 verbose parsed url   slashes: null,
15 verbose parsed url   auth: null,
15 verbose parsed url   host: null,
15 verbose parsed url   port: null,
15 verbose parsed url   hostname: null,
15 verbose parsed url   hash: null,
15 verbose parsed url   search: null,
15 verbose parsed url   query: null,
15 verbose parsed url   pathname: '.',
15 verbose parsed url   path: '.',
15 verbose parsed url   href: '.' }
16 silly lockFile 3a52ce78- .
17 verbose lock . /Users/bmackey/.npm/3a52ce78-.lock
18 verbose read json package.json
19 silly lockFile 3a52ce78- .
20 silly lockFile 3a52ce78- .
21 error addLocal Could not install .
22 error Error: ENOENT, open 'package.json'
23 error If you need help, you may report this log at:
23 error     <http://github.com/isaacs/npm/issues>
23 error or email it to:
23 error     <npm-@googlegroups.com>
24 error System Darwin 13.1.0
25 error command "node" "/usr/local/bin/npm" "install" "."
26 error cwd /Users/bmackey/work/testFHWelcome
27 error node -v v0.10.11
28 error npm -v 1.2.30
29 error path package.json
30 error code ENOENT
31 error errno 34
32 verbose exit [ 34, true ]
